#
# There is insufficient memory for the Java Runtime Environment to continue.
# Native memory allocation (malloc) failed to allocate 1068816 bytes for Chunk::new
# Possible reasons:
#   The system is out of physical RAM or swap space
#   In 32 bit mode, the process size limit was hit
# Possible solutions:
#   Reduce memory load on the system
#   Increase physical memory or swap space
#   Check if swap backing store is full
#   Use 64 bit Java on a 64 bit OS
#   Decrease Java heap size (-Xmx/-Xms)
#   Decrease number of Java threads
#   Decrease Java thread stack sizes (-Xss)
#   Set larger code cache with -XX:ReservedCodeCacheSize=
# This output file may be truncated or incomplete.
#
#  Out of Memory Error (allocation.cpp:390), pid=3420, tid=0x0000000000000e80
#
# JRE version: OpenJDK Runtime Environment (8.0_112-b06) (build 1.8.0_112-release-b06)
# Java VM: OpenJDK 64-Bit Server VM (25.112-b06 mixed mode windows-amd64 compressed oops)
# Failed to write core dump. Minidumps are not enabled by default on client versions of Windows
#

---------------  T H R E A D  ---------------

Current thread (0x0000000015dcc000):  JavaThread "C2 CompilerThread0" daemon [_thread_in_native, id=3712, stack(0x0000000017430000,0x0000000017530000)]

Stack: [0x0000000017430000,0x0000000017530000]
[error occurred during error reporting (printing stack bounds), id 0xc0000005]

Native frames: (J=compiled Java code, j=interpreted, Vv=VM code, C=native code)


Current CompileTask:
C2:  10030 5285       4       com.sun.beans.TypeResolver::resolve (37 bytes)


---------------  P R O C E S S  ---------------

Java Threads: ( => current thread )
  0x000000001b28e000 JavaThread "File lock request listener" [_thread_in_native, id=9188, stack(0x000000001f4a0000,0x000000001f5a0000)]
  0x0000000018fea800 JavaThread "Stdin handler" [_thread_blocked, id=428, stack(0x000000001a4c0000,0x000000001a5c0000)]
  0x0000000018a3a000 JavaThread "Asynchronous log dispatcher for DefaultDaemonConnection: socket connection from /127.0.0.1:55608 to /127.0.0.1:55609" [_thread_blocked, id=10400, stack(0x000000001a3c0000,0x000000001a4c0000)]
  0x0000000018a39000 JavaThread "Daemon worker" [_thread_in_vm, id=11444, stack(0x000000001a2c0000,0x000000001a3c0000)]
  0x0000000018a36000 JavaThread "Cancel handler" [_thread_blocked, id=10992, stack(0x000000001a1c0000,0x000000001a2c0000)]
  0x0000000018735800 JavaThread "pool-1-thread-1" [_thread_blocked, id=11520, stack(0x000000001a0c0000,0x000000001a1c0000)]
  0x0000000018607000 JavaThread "Handler for socket connection from /127.0.0.1:55608 to /127.0.0.1:55609" [_thread_in_native, id=11876, stack(0x0000000019fc0000,0x000000001a0c0000)]
  0x00000000189b8000 JavaThread "Daemon" [_thread_blocked, id=10424, stack(0x0000000019ec0000,0x0000000019fc0000)]
  0x0000000018c03000 JavaThread "Incoming local TCP Connector on port 55608" [_thread_in_native, id=12120, stack(0x0000000019500000,0x0000000019600000)]
  0x000000001774b800 JavaThread "Service Thread" daemon [_thread_blocked, id=6676, stack(0x0000000017b30000,0x0000000017c30000)]
  0x0000000015dd6800 JavaThread "C1 CompilerThread2" daemon [_thread_blocked, id=12128, stack(0x0000000017630000,0x0000000017730000)]
  0x0000000015dcf000 JavaThread "C2 CompilerThread1" daemon [_thread_in_native, id=11376, stack(0x0000000017530000,0x0000000017630000)]
=>0x0000000015dcc000 JavaThread "C2 CompilerThread0" daemon [_thread_in_native, id=3712, stack(0x0000000017430000,0x0000000017530000)]
  0x0000000015dc8800 JavaThread "Attach Listener" daemon [_thread_blocked, id=8684, stack(0x0000000017330000,0x0000000017430000)]
  0x0000000015dc7000 JavaThread "Signal Dispatcher" daemon [_thread_blocked, id=11800, stack(0x0000000017230000,0x0000000017330000)]
  0x0000000015db8800 JavaThread "Finalizer" daemon [_thread_blocked, id=8008, stack(0x0000000017020000,0x0000000017120000)]
  0x0000000002451000 JavaThread "Reference Handler" daemon [_thread_blocked, id=7432, stack(0x0000000016f20000,0x0000000017020000)]
  0x0000000002360800 JavaThread "main" [_thread_blocked, id=3196, stack(0x0000000002260000,0x0000000002360000)]

Other Threads:
  0x0000000015d95800 VMThread [stack: 0x0000000016e20000,0x0000000016f20000] [id=1924]
  0x0000000017754000 WatcherThread [stack: 0x0000000017c30000,0x0000000017d30000] [id=10392]

VM state:not at safepoint (normal execution)

VM Mutex/Monitor currently owned by a thread: None

Heap:
 PSYoungGen      total 113152K, used 86400K [0x00000000e0000000, 0x00000000e8280000, 0x0000000100000000)
  eden space 103936K, 74% used [0x00000000e0000000,0x00000000e4b6b9f0,0x00000000e6580000)
  from space 9216K, 99% used [0x00000000e7980000,0x00000000e82747f8,0x00000000e8280000)
  to   space 11776K, 0% used [0x00000000e6b80000,0x00000000e6b80000,0x00000000e7700000)
 ParOldGen       total 87552K, used 14457K [0x00000000a0000000, 0x00000000a5580000, 0x00000000e0000000)
  object space 87552K, 16% used [0x00000000a0000000,0x00000000a0e1e708,0x00000000a5580000)
 Metaspace       used 45660K, capacity 46774K, committed 46848K, reserved 1089536K
  class space    used 6134K, capacity 6398K, committed 6400K, reserved 1048576K

Card table byte_map: [0x0000000011820000,0x0000000011b30000] byte_map_base: 0x0000000011320000

Marking Bits: (ParMarkBitMap*) 0x00000000657c18f0
 Begin Bits: [0x0000000012130000, 0x0000000013930000)
 End Bits:   [0x0000000013930000, 0x0000000015130000)

Polling page: 0x00000000020f0000

CodeCache: size=245760Kb used=17454Kb max_used=17454Kb free=228305Kb
 bounds [0x0000000002460000, 0x0000000003580000, 0x0000000011460000]
 total_blobs=5586 nmethods=4849 adapters=649
 compilation: enabled

Compilation events (10 events):
Event: 9.989 Thread 0x0000000015dd6800 nmethod 5347 0x0000000003574410 code [0x00000000035746c0, 0x0000000003575c98]
Event: 9.991 Thread 0x0000000015dd6800 5348       3       com.google.common.collect.ImmutableSet$Builder::build (22 bytes)
Event: 9.991 Thread 0x0000000015dd6800 nmethod 5348 0x0000000003576610 code [0x0000000003576780, 0x0000000003576a58]
Event: 9.992 Thread 0x0000000015dd6800 5349       3       com.google.common.collect.ArrayListMultimap::createCollection (5 bytes)
Event: 9.992 Thread 0x0000000015dd6800 nmethod 5349 0x0000000003576b90 code [0x0000000003576d00, 0x0000000003576fc8]
Event: 9.993 Thread 0x0000000015dd6800 5350       3       org.gradle.api.internal.AsmBackedClassGenerator$ClassBuilderImpl::addGetter (20 bytes)
Event: 9.993 Thread 0x0000000015dd6800 nmethod 5350 0x00000000035770d0 code [0x0000000003577240, 0x00000000035774b8]
Event: 9.994 Thread 0x0000000015dd6800 5351       3       org.gradle.util.Path::<init> (20 bytes)
Event: 9.994 Thread 0x0000000015dd6800 nmethod 5351 0x00000000035775d0 code [0x0000000003577720, 0x0000000003577910]
Event: 10.019 Thread 0x0000000015dd6800 5352       3       sun.reflect.annotation.AnnotationParser::parseMemberValue (162 bytes)

GC Heap History (10 events):
Event: 6.156 GC heap before
{Heap before GC invocations=8 (full 1):
 PSYoungGen      total 60416K, used 56429K [0x00000000e0000000, 0x00000000e4600000, 0x0000000100000000)
  eden space 51200K, 100% used [0x00000000e0000000,0x00000000e3200000,0x00000000e3200000)
  from space 9216K, 56% used [0x00000000e3d00000,0x00000000e421b5c8,0x00000000e4600000)
  to   space 10240K, 0% used [0x00000000e3200000,0x00000000e3200000,0x00000000e3c00000)
 ParOldGen       total 61440K, used 9076K [0x00000000a0000000, 0x00000000a3c00000, 0x00000000e0000000)
  object space 61440K, 14% used [0x00000000a0000000,0x00000000a08dd108,0x00000000a3c00000)
 Metaspace       used 28912K, capacity 29356K, committed 29696K, reserved 1075200K
  class space    used 3906K, capacity 4049K, committed 4096K, reserved 1048576K
Event: 6.170 GC heap after
Heap after GC invocations=8 (full 1):
 PSYoungGen      total 61440K, used 5580K [0x00000000e0000000, 0x00000000e6180000, 0x0000000100000000)
  eden space 51200K, 0% used [0x00000000e0000000,0x00000000e0000000,0x00000000e3200000)
  from space 10240K, 54% used [0x00000000e3200000,0x00000000e37733e0,0x00000000e3c00000)
  to   space 9728K, 0% used [0x00000000e5800000,0x00000000e5800000,0x00000000e6180000)
 ParOldGen       total 61440K, used 9076K [0x00000000a0000000, 0x00000000a3c00000, 0x00000000e0000000)
  object space 61440K, 14% used [0x00000000a0000000,0x00000000a08dd108,0x00000000a3c00000)
 Metaspace       used 28912K, capacity 29356K, committed 29696K, reserved 1075200K
  class space    used 3906K, capacity 4049K, committed 4096K, reserved 1048576K
}
Event: 7.285 GC heap before
{Heap before GC invocations=9 (full 1):
 PSYoungGen      total 61440K, used 56780K [0x00000000e0000000, 0x00000000e6180000, 0x0000000100000000)
  eden space 51200K, 100% used [0x00000000e0000000,0x00000000e3200000,0x00000000e3200000)
  from space 10240K, 54% used [0x00000000e3200000,0x00000000e37733e0,0x00000000e3c00000)
  to   space 9728K, 0% used [0x00000000e5800000,0x00000000e5800000,0x00000000e6180000)
 ParOldGen       total 61440K, used 9076K [0x00000000a0000000, 0x00000000a3c00000, 0x00000000e0000000)
  object space 61440K, 14% used [0x00000000a0000000,0x00000000a08dd108,0x00000000a3c00000)
 Metaspace       used 33946K, capacity 34536K, committed 34688K, reserved 1079296K
  class space    used 4533K, capacity 4716K, committed 4736K, reserved 1048576K
Event: 7.305 GC heap after
Heap after GC invocations=9 (full 1):
 PSYoungGen      total 88576K, used 9711K [0x00000000e0000000, 0x00000000e6600000, 0x0000000100000000)
  eden space 78848K, 0% used [0x00000000e0000000,0x00000000e0000000,0x00000000e4d00000)
  from space 9728K, 99% used [0x00000000e5800000,0x00000000e617bd68,0x00000000e6180000)
  to   space 11264K, 0% used [0x00000000e4d00000,0x00000000e4d00000,0x00000000e5800000)
 ParOldGen       total 61440K, used 9761K [0x00000000a0000000, 0x00000000a3c00000, 0x00000000e0000000)
  object space 61440K, 15% used [0x00000000a0000000,0x00000000a0988720,0x00000000a3c00000)
 Metaspace       used 33946K, capacity 34536K, committed 34688K, reserved 1079296K
  class space    used 4533K, capacity 4716K, committed 4736K, reserved 1048576K
}
Event: 7.638 GC heap before
{Heap before GC invocations=10 (full 1):
 PSYoungGen      total 88576K, used 39592K [0x00000000e0000000, 0x00000000e6600000, 0x0000000100000000)
  eden space 78848K, 37% used [0x00000000e0000000,0x00000000e1d2e590,0x00000000e4d00000)
  from space 9728K, 99% used [0x00000000e5800000,0x00000000e617bd68,0x00000000e6180000)
  to   space 11264K, 0% used [0x00000000e4d00000,0x00000000e4d00000,0x00000000e5800000)
 ParOldGen       total 61440K, used 9761K [0x00000000a0000000, 0x00000000a3c00000, 0x00000000e0000000)
  object space 61440K, 15% used [0x00000000a0000000,0x00000000a0988720,0x00000000a3c00000)
 Metaspace       used 34782K, capacity 35348K, committed 35496K, reserved 1079296K
  class space    used 4634K, capacity 4814K, committed 4864K, reserved 1048576K
Event: 7.656 GC heap after
Heap after GC invocations=10 (full 1):
 PSYoungGen      total 90112K, used 4730K [0x00000000e0000000, 0x00000000e8480000, 0x0000000100000000)
  eden space 78848K, 0% used [0x00000000e0000000,0x00000000e0000000,0x00000000e4d00000)
  from space 11264K, 42% used [0x00000000e4d00000,0x00000000e519eba8,0x00000000e5800000)
  to   space 11264K, 0% used [0x00000000e7980000,0x00000000e7980000,0x00000000e8480000)
 ParOldGen       total 61440K, used 13058K [0x00000000a0000000, 0x00000000a3c00000, 0x00000000e0000000)
  object space 61440K, 21% used [0x00000000a0000000,0x00000000a0cc0a90,0x00000000a3c00000)
 Metaspace       used 34782K, capacity 35348K, committed 35496K, reserved 1079296K
  class space    used 4634K, capacity 4814K, committed 4864K, reserved 1048576K
}
Event: 7.656 GC heap before
{Heap before GC invocations=11 (full 2):
 PSYoungGen      total 90112K, used 4730K [0x00000000e0000000, 0x00000000e8480000, 0x0000000100000000)
  eden space 78848K, 0% used [0x00000000e0000000,0x00000000e0000000,0x00000000e4d00000)
  from space 11264K, 42% used [0x00000000e4d00000,0x00000000e519eba8,0x00000000e5800000)
  to   space 11264K, 0% used [0x00000000e7980000,0x00000000e7980000,0x00000000e8480000)
 ParOldGen       total 61440K, used 13058K [0x00000000a0000000, 0x00000000a3c00000, 0x00000000e0000000)
  object space 61440K, 21% used [0x00000000a0000000,0x00000000a0cc0a90,0x00000000a3c00000)
 Metaspace       used 34782K, capacity 35348K, committed 35496K, reserved 1079296K
  class space    used 4634K, capacity 4814K, committed 4864K, reserved 1048576K
Event: 7.757 GC heap after
Heap after GC invocations=11 (full 2):
 PSYoungGen      total 90112K, used 0K [0x00000000e0000000, 0x00000000e8480000, 0x0000000100000000)
  eden space 78848K, 0% used [0x00000000e0000000,0x00000000e0000000,0x00000000e4d00000)
  from space 11264K, 0% used [0x00000000e4d00000,0x00000000e4d00000,0x00000000e5800000)
  to   space 11264K, 0% used [0x00000000e7980000,0x00000000e7980000,0x00000000e8480000)
 ParOldGen       total 87552K, used 14449K [0x00000000a0000000, 0x00000000a5580000, 0x00000000e0000000)
  object space 87552K, 16% used [0x00000000a0000000,0x00000000a0e1c708,0x00000000a5580000)
 Metaspace       used 34782K, capacity 35348K, committed 35496K, reserved 1079296K
  class space    used 4634K, capacity 4814K, committed 4864K, reserved 1048576K
}
Event: 8.869 GC heap before
{Heap before GC invocations=12 (full 2):
 PSYoungGen      total 90112K, used 78848K [0x00000000e0000000, 0x00000000e8480000, 0x0000000100000000)
  eden space 78848K, 100% used [0x00000000e0000000,0x00000000e4d00000,0x00000000e4d00000)
  from space 11264K, 0% used [0x00000000e4d00000,0x00000000e4d00000,0x00000000e5800000)
  to   space 11264K, 0% used [0x00000000e7980000,0x00000000e7980000,0x00000000e8480000)
 ParOldGen       total 87552K, used 14449K [0x00000000a0000000, 0x00000000a5580000, 0x00000000e0000000)
  object space 87552K, 16% used [0x00000000a0000000,0x00000000a0e1c708,0x00000000a5580000)
 Metaspace       used 42074K, capacity 42802K, committed 43008K, reserved 1087488K
  class space    used 5621K, capacity 5836K, committed 5888K, reserved 1048576K
Event: 8.880 GC heap after
Heap after GC invocations=12 (full 2):
 PSYoungGen      total 113152K, used 9169K [0x00000000e0000000, 0x00000000e8280000, 0x0000000100000000)
  eden space 103936K, 0% used [0x00000000e0000000,0x00000000e0000000,0x00000000e6580000)
  from space 9216K, 99% used [0x00000000e7980000,0x00000000e82747f8,0x00000000e8280000)
  to   space 11776K, 0% used [0x00000000e6b80000,0x00000000e6b80000,0x00000000e7700000)
 ParOldGen       total 87552K, used 14457K [0x00000000a0000000, 0x00000000a5580000, 0x00000000e0000000)
  object space 87552K, 16% used [0x00000000a0000000,0x00000000a0e1e708,0x00000000a5580000)
 Metaspace       used 42074K, capacity 42802K, committed 43008K, reserved 1087488K
  class space    used 5621K, capacity 5836K, committed 5888K, reserved 1048576K
}

Deoptimization events (10 events):
Event: 8.703 Thread 0x0000000018a39000 Uncommon trap: reason=unstable_if action=reinterpret pc=0x0000000002cd3188 method=java.util.WeakHashMap.remove(Ljava/lang/Object;)Ljava/lang/Object; @ 94
Event: 8.761 Thread 0x0000000018a39000 Uncommon trap: reason=unstable_if action=reinterpret pc=0x0000000002eb3484 method=java.lang.CharacterDataLatin1.digit(II)I @ 31
Event: 8.771 Thread 0x0000000018a39000 Uncommon trap: reason=unstable_if action=reinterpret pc=0x0000000002e17328 method=java.lang.CharacterDataLatin1.digit(II)I @ 31
Event: 8.881 Thread 0x0000000015db8800 Uncommon trap: reason=unstable_if action=reinterpret pc=0x000000000291f9f4 method=java.lang.ref.ReferenceQueue.poll()Ljava/lang/ref/Reference; @ 4
Event: 9.387 Thread 0x0000000018a39000 Uncommon trap: reason=class_check action=maybe_recompile pc=0x00000000027312c0 method=com.google.common.collect.AbstractMapBasedMultimap$WrappedCollection.refreshIfEmpty()V @ 59
Event: 9.387 Thread 0x0000000018a39000 Uncommon trap: reason=class_check action=maybe_recompile pc=0x00000000027312c0 method=com.google.common.collect.AbstractMapBasedMultimap$WrappedCollection.refreshIfEmpty()V @ 59
Event: 9.387 Thread 0x0000000018a39000 Uncommon trap: reason=class_check action=maybe_recompile pc=0x00000000027312c0 method=com.google.common.collect.AbstractMapBasedMultimap$WrappedCollection.refreshIfEmpty()V @ 59
Event: 9.387 Thread 0x0000000018a39000 Uncommon trap: reason=class_check action=maybe_recompile pc=0x00000000027312c0 method=com.google.common.collect.AbstractMapBasedMultimap$WrappedCollection.refreshIfEmpty()V @ 59
Event: 9.664 Thread 0x0000000018a39000 Uncommon trap: reason=unstable_if action=reinterpret pc=0x0000000003262fb4 method=java.io.WinNTFileSystem.normalizePrefix(Ljava/lang/String;ILjava/lang/StringBuffer;)I @ 62
Event: 9.905 Thread 0x0000000018a39000 Uncommon trap: reason=unstable_if action=reinterpret pc=0x000000000339c3c4 method=java.util.regex.Pattern.compile()V @ 320

Internal exceptions (10 events):
Event: 9.845 Thread 0x0000000018a39000 Exception <a 'java/lang/ClassNotFoundException': com/android/build/gradle/tasks/ProcessAndroidResourcesCustomizer> (0x00000000e3f3d0d8) thrown at [C:\src\android\AOSP-openjdk\external\jetbrains\jdk\hotspot\src\share\vm\classfile\systemDictionary.cpp, line 
Event: 9.847 Thread 0x0000000018a39000 Exception <a 'java/lang/ClassNotFoundException': com/android/build/gradle/tasks/ProcessAndroidResources_DecoratedCustomizer> (0x00000000e3fb1f90) thrown at [C:\src\android\AOSP-openjdk\external\jetbrains\jdk\hotspot\src\share\vm\classfile\systemDictionary.¨»Å◊!Í#@
Event: 9.957 Thread 0x0000000018a39000 Exception <a 'java/lang/ClassNotFoundException': com/android/build/gradle/tasks/AidlCompile_DecoratedBeanInfo> (0x00000000e4494300) thrown at [C:\src\android\AOSP-openjdk\external\jetbrains\jdk\hotspot\src\share\vm\classfile\systemDictionary.cpp, line 210])F˙@Í#@
Event: 9.958 Thread 0x0000000018a39000 Exception <a 'java/lang/ClassNotFoundException': com/android/build/gradle/tasks/AidlCompileBeanInfo> (0x00000000e44a5970) thrown at [C:\src\android\AOSP-openjdk\external\jetbrains\jdk\hotspot\src\share\vm\classfile\systemDictionary.cpp, line 210]
Event: 9.958 Thread 0x0000000018a39000 Exception <a 'java/lang/ClassNotFoundException': com/android/build/gradle/tasks/AidlCompileCustomizer> (0x00000000e44b7b30) thrown at [C:\src\android\AOSP-openjdk\external\jetbrains\jdk\hotspot\src\share\vm\classfile\systemDictionary.cpp, line 210]
Event: 9.959 Thread 0x0000000018a39000 Exception <a 'java/lang/ClassNotFoundException': com/android/build/gradle/tasks/AidlCompile_DecoratedCustomizer> (0x00000000e44f2ba8) thrown at [C:\src\android\AOSP-openjdk\external\jetbrains\jdk\hotspot\src\share\vm\classfile\systemDictionary.cpp, line 21»	ÄIiÙ#@
Event: 9.977 Thread 0x0000000018a39000 Exception <a 'java/lang/ClassNotFoundException': com/android/build/gradle/tasks/NdkCompile_DecoratedBeanInfo> (0x00000000e46b5698) thrown at [C:\src\android\AOSP-openjdk\external\jetbrains\jdk\hotspot\src\share\vm\classfile\systemDictionary.cpp, line 210]
Event: 9.978 Thread 0x0000000018a39000 Exception <a 'java/lang/ClassNotFoundException': com/android/build/gradle/tasks/NdkCompileBeanInfo> (0x00000000e46c6ce8) thrown at [C:\src\android\AOSP-openjdk\external\jetbrains\jdk\hotspot\src\share\vm\classfile\systemDictionary.cpp, line 210]
Event: 9.978 Thread 0x0000000018a39000 Exception <a 'java/lang/ClassNotFoundException': com/android/build/gradle/tasks/NdkCompileCustomizer> (0x00000000e46d8e98) thrown at [C:\src\android\AOSP-openjdk\external\jetbrains\jdk\hotspot\src\share\vm\classfile\systemDictionary.cpp, line 210]
Event: 9.979 Thread 0x0000000018a39000 Exception <a 'java/lang/ClassNotFoundException': com/android/build/gradle/tasks/NdkCompile_DecoratedCustomizer> (0x00000000e471ad30) thrown at [C:\src\android\AOSP-openjdk\external\jetbrains\jdk\hotspot\src\share\vm\classfile\systemDictionary.cpp, line 210◊ÿ
B{∞#@

Events (10 events):
Event: 9.992 loading class com/android/build/gradle/tasks/JavaPreCompileTask$ConfigAction
Event: 9.992 loading class com/android/build/gradle/tasks/JavaPreCompileTask$ConfigAction done
Event: 9.992 loading class com/android/build/gradle/tasks/JavaPreCompileTask
Event: 9.992 loading class com/android/build/gradle/tasks/JavaPreCompileTask done
Event: 9.995 loading class com/android/build/gradle/tasks/factory/JavaCompileConfigAction
Event: 9.995 loading class com/android/build/gradle/tasks/factory/JavaCompileConfigAction done
Event: 10.018 loading class com/android/build/gradle/tasks/factory/AndroidJavaCompile
Event: 10.018 loading class com/android/build/gradle/tasks/factory/AndroidJavaCompile done
Event: 10.019 loading class org/gradle/api/tasks/compile/AbstractCompile
Event: 10.019 loading class org/gradle/api/tasks/compile/AbstractCompile done


Dynamic libraries:
0x00007ff71b050000 - 0x00007ff71b081000 	C:\Program Files\Android\Android Studio\jre\bin\java.exe
0x00007ffb076c0000 - 0x00007ffb07891000 	C:\Windows\SYSTEM32\ntdll.dll
0x00007ffb04d90000 - 0x00007ffb04e3b000 	C:\Windows\System32\KERNEL32.DLL
0x00007ffad7b00000 - 0x00007ffad7b33000 	C:\Program Files\AVAST Software\Avast\x64\aswhooka.dll
0x00007ffb03f00000 - 0x00007ffb0411d000 	C:\Windows\System32\KERNELBASE.dll
0x00007ffb04e40000 - 0x00007ffb04ee2000 	C:\Windows\System32\ADVAPI32.dll
0x00007ffb07580000 - 0x00007ffb0761e000 	C:\Windows\System32\msvcrt.dll
0x00007ffb05800000 - 0x00007ffb05859000 	C:\Windows\System32\sechost.dll
0x00007ffb07440000 - 0x00007ffb07561000 	C:\Windows\System32\RPCRT4.dll
0x00007ffb04ef0000 - 0x00007ffb05055000 	C:\Windows\System32\USER32.dll
0x00007ffb03c10000 - 0x00007ffb03c2e000 	C:\Windows\System32\win32u.dll
0x00007ffb057b0000 - 0x00007ffb057e4000 	C:\Windows\System32\GDI32.dll
0x00007ffb04ac0000 - 0x00007ffb04c42000 	C:\Windows\System32\gdi32full.dll
0x00007ffafb750000 - 0x00007ffafb9c9000 	C:\Windows\WinSxS\amd64_microsoft.windows.common-controls_6595b64144ccf1df_6.0.14393.447_none_42191651c6827bb3\COMCTL32.dll
0x00007ffb054e0000 - 0x00007ffb057a8000 	C:\Windows\System32\combase.dll
0x00007ffb03e00000 - 0x00007ffb03ef5000 	C:\Windows\System32\ucrtbase.dll
0x00007ffb04120000 - 0x00007ffb0418a000 	C:\Windows\System32\bcryptPrimitives.dll
0x00007ffb054b0000 - 0x00007ffb054de000 	C:\Windows\System32\IMM32.DLL
0x0000000064f20000 - 0x0000000064ff2000 	C:\Program Files\Android\Android Studio\jre\jre\bin\msvcr100.dll
0x0000000065000000 - 0x000000006583c000 	C:\Program Files\Android\Android Studio\jre\jre\bin\server\jvm.dll
0x00007ffb04d80000 - 0x00007ffb04d88000 	C:\Windows\System32\PSAPI.DLL
0x00007ffaf3e70000 - 0x00007ffaf3e79000 	C:\Windows\SYSTEM32\WSOCK32.dll
0x00007ffb051a0000 - 0x00007ffb0520a000 	C:\Windows\System32\WS2_32.dll
0x00007ffb01e80000 - 0x00007ffb01ea3000 	C:\Windows\SYSTEM32\WINMM.dll
0x00007ffaff300000 - 0x00007ffaff30a000 	C:\Windows\SYSTEM32\VERSION.dll
0x00007ffb01e50000 - 0x00007ffb01e7b000 	C:\Windows\SYSTEM32\WINMMBASE.dll
0x00007ffb04190000 - 0x00007ffb041d2000 	C:\Windows\System32\cfgmgr32.dll
0x00007ffafbf80000 - 0x00007ffafbf8f000 	C:\Program Files\Android\Android Studio\jre\jre\bin\verify.dll
0x00007ffada360000 - 0x00007ffada389000 	C:\Program Files\Android\Android Studio\jre\jre\bin\java.dll
0x00007ffae4bf0000 - 0x00007ffae4c06000 	C:\Program Files\Android\Android Studio\jre\jre\bin\zip.dll
0x00007ffb059c0000 - 0x00007ffb06ec9000 	C:\Windows\System32\SHELL32.dll
0x00007ffb04290000 - 0x00007ffb0496a000 	C:\Windows\System32\windows.storage.dll
0x00007ffb03b40000 - 0x00007ffb03b8c000 	C:\Windows\System32\powrprof.dll
0x00007ffb04c50000 - 0x00007ffb04ca2000 	C:\Windows\System32\shlwapi.dll
0x00007ffb03b30000 - 0x00007ffb03b3f000 	C:\Windows\System32\kernel.appcore.dll
0x00007ffb04a10000 - 0x00007ffb04ab9000 	C:\Windows\System32\shcore.dll
0x00007ffb03b90000 - 0x00007ffb03ba4000 	C:\Windows\System32\profapi.dll
0x00007ffae0790000 - 0x00007ffae07aa000 	C:\Program Files\Android\Android Studio\jre\jre\bin\net.dll
0x00007ffb03450000 - 0x00007ffb034ac000 	C:\Windows\system32\mswsock.dll
0x00007ffade6f0000 - 0x00007ffade701000 	C:\Program Files\Android\Android Studio\jre\jre\bin\nio.dll
0x00007ffad8e40000 - 0x00007ffad8e5e000 	C:\Users\bootavo\.gradle\native\23\windows-amd64\native-platform.dll
0x00007ffb035f0000 - 0x00007ffb03607000 	C:\Windows\SYSTEM32\CRYPTSP.dll
0x00007ffb03060000 - 0x00007ffb03093000 	C:\Windows\system32\rsaenh.dll
0x00007ffb03700000 - 0x00007ffb0372b000 	C:\Windows\SYSTEM32\bcrypt.dll
0x00007ffb032d0000 - 0x00007ffb032ef000 	C:\Windows\SYSTEM32\USERENV.dll
0x00007ffb03610000 - 0x00007ffb0361b000 	C:\Windows\SYSTEM32\CRYPTBASE.dll
0x00007ffb031e0000 - 0x00007ffb03218000 	C:\Windows\SYSTEM32\IPHLPAPI.DLL
0x00007ffb07570000 - 0x00007ffb07578000 	C:\Windows\System32\NSI.dll
0x00007ffafcae0000 - 0x00007ffafcaf6000 	C:\Windows\SYSTEM32\dhcpcsvc6.DLL
0x00007ffafcac0000 - 0x00007ffafcada000 	C:\Windows\SYSTEM32\dhcpcsvc.DLL
0x00007ffaf9220000 - 0x00007ffaf922d000 	C:\Program Files\Android\Android Studio\jre\jre\bin\management.dll

VM Arguments:
jvm_args: -Xmx1536m -Dfile.encoding=windows-1252 -Duser.country=PE -Duser.language=es -Duser.variant 
java_command: org.gradle.launcher.daemon.bootstrap.GradleDaemon 3.3
java_class_path (initial): C:\Users\bootavo\.gradle\wrapper\dists\gradle-3.3-all\55gk2rcmfc6p2dg9u9ohc3hw9\gradle-3.3\lib\gradle-launcher-3.3.jar
Launcher Type: SUN_STANDARD

Environment Variables:
PATH=C:\ProgramData\Oracle\Java\javapath;C:\Windows\system32;C:\Windows;C:\Windows\System32\Wbem;C:\Windows\System32\WindowsPowerShell\v1.0\;C:\Program Files (x86)\NVIDIA Corporation\PhysX\Common;C:\Users\bootavo\AppData\Local\Microsoft\WindowsApps;
USERNAME=bootavo
OS=Windows_NT
PROCESSOR_IDENTIFIER=Intel64 Family 6 Model 58 Stepping 9, GenuineIntel



---------------  S Y S T E M  ---------------

OS: Windows 10.0 , 64 bit Build 14393 (10.0.14393.0)

CPU:total 4 (4 cores per cpu, 1 threads per core) family 6 model 58 stepping 9, cmov, cx8, fxsr, mmx, sse, sse2, sse3, ssse3, sse4.1, sse4.2, popcnt, avx, aes, clmul, erms, tsc, tscinvbit, tscinv

Memory: 4k page, physical 8343008k(907968k free), swap 14064080k(5360k free)

vm_info: OpenJDK 64-Bit Server VM (25.112-b06) for windows-amd64 JRE (1.8.0_112-release-b06), built on Dec  8 2016 00:54:26 by "builder" with MS VC++ 10.0 (VS2010)

time: Thu May 25 12:00:16 2017
elapsed time: 10 seconds (0d 0h 0m 10s)

