#
# There is insufficient memory for the Java Runtime Environment to continue.
# Native memory allocation (malloc) failed to allocate 2475696 bytes for Chunk::new
# Possible reasons:
#   The system is out of physical RAM or swap space
#   In 32 bit mode, the process size limit was hit
# Possible solutions:
#   Reduce memory load on the system
#   Increase physical memory or swap space
#   Check if swap backing store is full
#   Use 64 bit Java on a 64 bit OS
#   Decrease Java heap size (-Xmx/-Xms)
#   Decrease number of Java threads
#   Decrease Java thread stack sizes (-Xss)
#   Set larger code cache with -XX:ReservedCodeCacheSize=
# This output file may be truncated or incomplete.
#
#  Out of Memory Error (allocation.cpp:390), pid=7940, tid=0x0000000000002c8c
#
# JRE version: OpenJDK Runtime Environment (8.0_112-b06) (build 1.8.0_112-release-b06)
# Java VM: OpenJDK 64-Bit Server VM (25.112-b06 mixed mode windows-amd64 compressed oops)
# Failed to write core dump. Minidumps are not enabled by default on client versions of Windows
#

---------------  T H R E A D  ---------------

Current thread (0x0000000015fc9800):  JavaThread "C2 CompilerThread1" daemon [_thread_in_native, id=11404, stack(0x0000000017740000,0x0000000017840000)]

Stack: [0x0000000017740000,0x0000000017840000]
[error occurred during error reporting (printing stack bounds), id 0xc0000005]

Native frames: (J=compiled Java code, j=interpreted, Vv=VM code, C=native code)


Current CompileTask:
C2:  30021 5401       4       com.sun.beans.TypeResolver::resolve (37 bytes)


---------------  P R O C E S S  ---------------

Java Threads: ( => current thread )
  0x000000001b985800 JavaThread "File lock request listener" [_thread_in_native, id=10872, stack(0x000000001df40000,0x000000001e040000)]
  0x0000000018fb1000 JavaThread "Stdin handler" [_thread_blocked, id=8780, stack(0x000000001a6d0000,0x000000001a7d0000)]
  0x0000000018fae800 JavaThread "Asynchronous log dispatcher for DefaultDaemonConnection: socket connection from /127.0.0.1:55417 to /127.0.0.1:55418" [_thread_blocked, id=12244, stack(0x000000001a5d0000,0x000000001a6d0000)]
  0x00000000193cf000 JavaThread "Daemon worker" [_thread_in_vm, id=11064, stack(0x000000001a4d0000,0x000000001a5d0000)]
  0x000000001944d000 JavaThread "Cancel handler" [_thread_blocked, id=1552, stack(0x000000001a3d0000,0x000000001a4d0000)]
  0x0000000018b9d800 JavaThread "pool-1-thread-1" [_thread_blocked, id=3076, stack(0x000000001a2d0000,0x000000001a3d0000)]
  0x0000000018c34000 JavaThread "Handler for socket connection from /127.0.0.1:55417 to /127.0.0.1:55418" [_thread_in_native, id=8312, stack(0x000000001a1d0000,0x000000001a2d0000)]
  0x0000000018f5e800 JavaThread "Daemon" [_thread_blocked, id=10516, stack(0x000000001a0d0000,0x000000001a1d0000)]
  0x0000000018d33800 JavaThread "Incoming local TCP Connector on port 55417" [_thread_in_native, id=10736, stack(0x0000000019710000,0x0000000019810000)]
  0x000000001795a000 JavaThread "Service Thread" daemon [_thread_blocked, id=10668, stack(0x0000000017d40000,0x0000000017e40000)]
  0x0000000015fd2000 JavaThread "C1 CompilerThread2" daemon [_thread_blocked, id=11792, stack(0x0000000017840000,0x0000000017940000)]
=>0x0000000015fc9800 JavaThread "C2 CompilerThread1" daemon [_thread_in_native, id=11404, stack(0x0000000017740000,0x0000000017840000)]
  0x0000000015fd9000 JavaThread "C2 CompilerThread0" daemon [_thread_in_native, id=8108, stack(0x0000000017640000,0x0000000017740000)]
  0x0000000015fd5800 JavaThread "Attach Listener" daemon [_thread_blocked, id=9800, stack(0x0000000017540000,0x0000000017640000)]
  0x0000000015fd4000 JavaThread "Signal Dispatcher" daemon [_thread_blocked, id=6580, stack(0x0000000017440000,0x0000000017540000)]
  0x0000000015fb8800 JavaThread "Finalizer" daemon [_thread_blocked, id=8840, stack(0x0000000017230000,0x0000000017330000)]
  0x0000000002652000 JavaThread "Reference Handler" daemon [_thread_blocked, id=10972, stack(0x0000000017130000,0x0000000017230000)]
  0x0000000002560800 JavaThread "main" [_thread_blocked, id=5592, stack(0x0000000002460000,0x0000000002560000)]

Other Threads:
  0x0000000015f95800 VMThread [stack: 0x0000000017030000,0x0000000017130000] [id=9120]
  0x000000001796b800 WatcherThread [stack: 0x0000000017e40000,0x0000000017f40000] [id=11880]

VM state:not at safepoint (normal execution)

VM Mutex/Monitor currently owned by a thread: None

Heap:
 PSYoungGen      total 125952K, used 84032K [0x00000000e0000000, 0x00000000e9180000, 0x0000000100000000)
  eden space 113664K, 65% used [0x00000000e0000000,0x00000000e48d78d0,0x00000000e6f00000)
  from space 12288K, 76% used [0x00000000e7b00000,0x00000000e8438a98,0x00000000e8700000)
  to   space 12288K, 0% used [0x00000000e6f00000,0x00000000e6f00000,0x00000000e7b00000)
 ParOldGen       total 104960K, used 17652K [0x00000000a0000000, 0x00000000a6680000, 0x00000000e0000000)
  object space 104960K, 16% used [0x00000000a0000000,0x00000000a113d2e8,0x00000000a6680000)
 Metaspace       used 46033K, capacity 47292K, committed 47488K, reserved 1089536K
  class space    used 6220K, capacity 6491K, committed 6528K, reserved 1048576K

Card table byte_map: [0x0000000011a20000,0x0000000011d30000] byte_map_base: 0x0000000011520000

Marking Bits: (ParMarkBitMap*) 0x00000000657c18f0
 Begin Bits: [0x0000000012330000, 0x0000000013b30000)
 End Bits:   [0x0000000013b30000, 0x0000000015330000)

Polling page: 0x0000000000bf0000

CodeCache: size=245760Kb used=17936Kb max_used=17936Kb free=227823Kb
 bounds [0x0000000002660000, 0x0000000003800000, 0x0000000011660000]
 total_blobs=5790 nmethods=5052 adapters=650
 compilation: enabled

Compilation events (10 events):
Event: 30.007 Thread 0x0000000015fd2000 nmethod 5493 0x00000000037e1fd0 code [0x00000000037e22a0, 0x00000000037e3698]
Event: 30.007 Thread 0x0000000015fd2000 5494       3       java.lang.invoke.MemberName::hashCode (39 bytes)
Event: 30.008 Thread 0x0000000015fd2000 nmethod 5494 0x00000000037e3e90 code [0x00000000037e40a0, 0x00000000037e4e28]
Event: 30.008 Thread 0x0000000015fd2000 5497       3       java.lang.invoke.DirectMethodHandle::preparedLambdaForm (242 bytes)
Event: 30.009 Thread 0x0000000015fd2000 nmethod 5497 0x00000000037e5610 code [0x00000000037e5880, 0x00000000037e68b8]
Event: 30.010 Thread 0x0000000015fd2000 5498       3       sun.invoke.util.VerifyAccess::isMemberAccessible (261 bytes)
Event: 30.011 Thread 0x0000000015fd2000 nmethod 5498 0x00000000037e6ed0 code [0x00000000037e71a0, 0x00000000037e8758]
Event: 30.011 Thread 0x0000000015fd2000 5499   !   3       java.lang.invoke.MethodHandleNatives::linkMethodHandleConstant (154 bytes)
Event: 30.011 Thread 0x0000000015fd2000 nmethod 5499 0x00000000037e8f90 code [0x00000000037e91e0, 0x00000000037e9d98]
Event: 30.011 Thread 0x0000000015fd2000 5500       3       java.lang.invoke.MethodHandles$Lookup::linkMethodHandleConstant (185 bytes)

GC Heap History (10 events):
Event: 16.349 GC heap before
{Heap before GC invocations=6 (full 1):
 PSYoungGen      total 71680K, used 66560K [0x00000000e0000000, 0x00000000e4b00000, 0x0000000100000000)
  eden space 66560K, 100% used [0x00000000e0000000,0x00000000e4100000,0x00000000e4100000)
  from space 5120K, 0% used [0x00000000e4600000,0x00000000e4600000,0x00000000e4b00000)
  to   space 5120K, 0% used [0x00000000e4100000,0x00000000e4100000,0x00000000e4600000)
 ParOldGen       total 66048K, used 9054K [0x00000000a0000000, 0x00000000a4080000, 0x00000000e0000000)
  object space 66048K, 13% used [0x00000000a0000000,0x00000000a08d7838,0x00000000a4080000)
 Metaspace       used 26072K, capacity 26444K, committed 26752K, reserved 1073152K
  class space    used 3591K, capacity 3697K, committed 3712K, reserved 1048576K
Event: 16.355 GC heap after
Heap after GC invocations=6 (full 1):
 PSYoungGen      total 71680K, used 5091K [0x00000000e0000000, 0x00000000e6f80000, 0x0000000100000000)
  eden space 66560K, 0% used [0x00000000e0000000,0x00000000e0000000,0x00000000e4100000)
  from space 5120K, 99% used [0x00000000e4100000,0x00000000e45f8ed0,0x00000000e4600000)
  to   space 10752K, 0% used [0x00000000e6500000,0x00000000e6500000,0x00000000e6f80000)
 ParOldGen       total 66048K, used 11899K [0x00000000a0000000, 0x00000000a4080000, 0x00000000e0000000)
  object space 66048K, 18% used [0x00000000a0000000,0x00000000a0b9efb0,0x00000000a4080000)
 Metaspace       used 26072K, capacity 26444K, committed 26752K, reserved 1073152K
  class space    used 3591K, capacity 3697K, committed 3712K, reserved 1048576K
}
Event: 23.082 GC heap before
{Heap before GC invocations=7 (full 1):
 PSYoungGen      total 71680K, used 71651K [0x00000000e0000000, 0x00000000e6f80000, 0x0000000100000000)
  eden space 66560K, 100% used [0x00000000e0000000,0x00000000e4100000,0x00000000e4100000)
  from space 5120K, 99% used [0x00000000e4100000,0x00000000e45f8ed0,0x00000000e4600000)
  to   space 10752K, 0% used [0x00000000e6500000,0x00000000e6500000,0x00000000e6f80000)
 ParOldGen       total 66048K, used 11899K [0x00000000a0000000, 0x00000000a4080000, 0x00000000e0000000)
  object space 66048K, 18% used [0x00000000a0000000,0x00000000a0b9efb0,0x00000000a4080000)
 Metaspace       used 29503K, capacity 29922K, committed 30080K, reserved 1075200K
  class space    used 4005K, capacity 4151K, committed 4224K, reserved 1048576K
Event: 23.091 GC heap after
Heap after GC invocations=7 (full 1):
 PSYoungGen      total 95232K, used 6625K [0x00000000e0000000, 0x00000000e6b80000, 0x0000000100000000)
  eden space 88576K, 0% used [0x00000000e0000000,0x00000000e0000000,0x00000000e5680000)
  from space 6656K, 99% used [0x00000000e6500000,0x00000000e6b78678,0x00000000e6b80000)
  to   space 10240K, 0% used [0x00000000e5780000,0x00000000e5780000,0x00000000e6180000)
 ParOldGen       total 66048K, used 11899K [0x00000000a0000000, 0x00000000a4080000, 0x00000000e0000000)
  object space 66048K, 18% used [0x00000000a0000000,0x00000000a0b9efb0,0x00000000a4080000)
 Metaspace       used 29503K, capacity 29922K, committed 30080K, reserved 1075200K
  class space    used 4005K, capacity 4151K, committed 4224K, reserved 1048576K
}
Event: 26.488 GC heap before
{Heap before GC invocations=8 (full 1):
 PSYoungGen      total 95232K, used 75639K [0x00000000e0000000, 0x00000000e6b80000, 0x0000000100000000)
  eden space 88576K, 77% used [0x00000000e0000000,0x00000000e43655d8,0x00000000e5680000)
  from space 6656K, 99% used [0x00000000e6500000,0x00000000e6b78678,0x00000000e6b80000)
  to   space 10240K, 0% used [0x00000000e5780000,0x00000000e5780000,0x00000000e6180000)
 ParOldGen       total 66048K, used 11899K [0x00000000a0000000, 0x00000000a4080000, 0x00000000e0000000)
  object space 66048K, 18% used [0x00000000a0000000,0x00000000a0b9efb0,0x00000000a4080000)
 Metaspace       used 34813K, capacity 35348K, committed 35496K, reserved 1079296K
  class space    used 4651K, capacity 4814K, committed 4864K, reserved 1048576K
Event: 26.497 GC heap after
Heap after GC invocations=8 (full 1):
 PSYoungGen      total 99840K, used 10208K [0x00000000e0000000, 0x00000000e8700000, 0x0000000100000000)
  eden space 89600K, 0% used [0x00000000e0000000,0x00000000e0000000,0x00000000e5780000)
  from space 10240K, 99% used [0x00000000e5780000,0x00000000e61781b8,0x00000000e6180000)
  to   space 12288K, 0% used [0x00000000e7b00000,0x00000000e7b00000,0x00000000e8700000)
 ParOldGen       total 66048K, used 13205K [0x00000000a0000000, 0x00000000a4080000, 0x00000000e0000000)
  object space 66048K, 19% used [0x00000000a0000000,0x00000000a0ce5720,0x00000000a4080000)
 Metaspace       used 34813K, capacity 35348K, committed 35496K, reserved 1079296K
  class space    used 4651K, capacity 4814K, committed 4864K, reserved 1048576K
}
Event: 26.497 GC heap before
{Heap before GC invocations=9 (full 2):
 PSYoungGen      total 99840K, used 10208K [0x00000000e0000000, 0x00000000e8700000, 0x0000000100000000)
  eden space 89600K, 0% used [0x00000000e0000000,0x00000000e0000000,0x00000000e5780000)
  from space 10240K, 99% used [0x00000000e5780000,0x00000000e61781b8,0x00000000e6180000)
  to   space 12288K, 0% used [0x00000000e7b00000,0x00000000e7b00000,0x00000000e8700000)
 ParOldGen       total 66048K, used 13205K [0x00000000a0000000, 0x00000000a4080000, 0x00000000e0000000)
  object space 66048K, 19% used [0x00000000a0000000,0x00000000a0ce5720,0x00000000a4080000)
 Metaspace       used 34813K, capacity 35348K, committed 35496K, reserved 1079296K
  class space    used 4651K, capacity 4814K, committed 4864K, reserved 1048576K
Event: 26.553 GC heap after
Heap after GC invocations=9 (full 2):
 PSYoungGen      total 99840K, used 0K [0x00000000e0000000, 0x00000000e8700000, 0x0000000100000000)
  eden space 89600K, 0% used [0x00000000e0000000,0x00000000e0000000,0x00000000e5780000)
  from space 10240K, 0% used [0x00000000e5780000,0x00000000e5780000,0x00000000e6180000)
  to   space 12288K, 0% used [0x00000000e7b00000,0x00000000e7b00000,0x00000000e8700000)
 ParOldGen       total 104960K, used 17644K [0x00000000a0000000, 0x00000000a6680000, 0x00000000e0000000)
  object space 104960K, 16% used [0x00000000a0000000,0x00000000a113b2e8,0x00000000a6680000)
 Metaspace       used 34813K, capacity 35348K, committed 35496K, reserved 1079296K
  class space    used 4651K, capacity 4814K, committed 4864K, reserved 1048576K
}
Event: 28.220 GC heap before
{Heap before GC invocations=10 (full 2):
 PSYoungGen      total 99840K, used 89600K [0x00000000e0000000, 0x00000000e8700000, 0x0000000100000000)
  eden space 89600K, 100% used [0x00000000e0000000,0x00000000e5780000,0x00000000e5780000)
  from space 10240K, 0% used [0x00000000e5780000,0x00000000e5780000,0x00000000e6180000)
  to   space 12288K, 0% used [0x00000000e7b00000,0x00000000e7b00000,0x00000000e8700000)
 ParOldGen       total 104960K, used 17644K [0x00000000a0000000, 0x00000000a6680000, 0x00000000e0000000)
  object space 104960K, 16% used [0x00000000a0000000,0x00000000a113b2e8,0x00000000a6680000)
 Metaspace       used 42317K, capacity 43104K, committed 43264K, reserved 1087488K
  class space    used 5661K, capacity 5859K, committed 5888K, reserved 1048576K
Event: 28.228 GC heap after
Heap after GC invocations=10 (full 2):
 PSYoungGen      total 125952K, used 9442K [0x00000000e0000000, 0x00000000e9180000, 0x0000000100000000)
  eden space 113664K, 0% used [0x00000000e0000000,0x00000000e0000000,0x00000000e6f00000)
  from space 12288K, 76% used [0x00000000e7b00000,0x00000000e8438a98,0x00000000e8700000)
  to   space 12288K, 0% used [0x00000000e6f00000,0x00000000e6f00000,0x00000000e7b00000)
 ParOldGen       total 104960K, used 17652K [0x00000000a0000000, 0x00000000a6680000, 0x00000000e0000000)
  object space 104960K, 16% used [0x00000000a0000000,0x00000000a113d2e8,0x00000000a6680000)
 Metaspace       used 42317K, capacity 43104K, committed 43264K, reserved 1087488K
  class space    used 5661K, capacity 5859K, committed 5888K, reserved 1048576K
}

Deoptimization events (10 events):
Event: 27.779 Thread 0x00000000193cf000 Uncommon trap: reason=class_check action=maybe_recompile pc=0x000000000277c76c method=com.sun.org.apache.xerces.internal.impl.XMLDocumentFragmentScannerImpl.scanEndElement()I @ 142
Event: 27.779 Thread 0x00000000193cf000 Uncommon trap: reason=class_check action=maybe_recompile pc=0x000000000277c76c method=com.sun.org.apache.xerces.internal.impl.XMLDocumentFragmentScannerImpl.scanEndElement()I @ 142
Event: 27.779 Thread 0x00000000193cf000 Uncommon trap: reason=bimorphic action=maybe_recompile pc=0x0000000002980c3c method=com.sun.org.apache.xerces.internal.impl.XMLEntityManager$RewindableInputStream.read([BII)I @ 89
Event: 27.813 Thread 0x00000000193cf000 Uncommon trap: reason=bimorphic action=maybe_recompile pc=0x0000000002980c3c method=com.sun.org.apache.xerces.internal.impl.XMLEntityManager$RewindableInputStream.read([BII)I @ 89
Event: 27.884 Thread 0x00000000193cf000 Uncommon trap: reason=unstable_if action=reinterpret pc=0x000000000304b548 method=java.lang.CharacterDataLatin1.digit(II)I @ 31
Event: 27.903 Thread 0x00000000193cf000 Uncommon trap: reason=unstable_if action=reinterpret pc=0x0000000002fbc568 method=java.lang.CharacterDataLatin1.digit(II)I @ 31
Event: 29.334 Thread 0x00000000193cf000 Uncommon trap: reason=class_check action=maybe_recompile pc=0x00000000031fcb00 method=com.google.common.collect.AbstractMapBasedMultimap$WrappedCollection.refreshIfEmpty()V @ 59
Event: 29.334 Thread 0x00000000193cf000 Uncommon trap: reason=class_check action=maybe_recompile pc=0x00000000031fcb00 method=com.google.common.collect.AbstractMapBasedMultimap$WrappedCollection.refreshIfEmpty()V @ 59
Event: 29.334 Thread 0x00000000193cf000 Uncommon trap: reason=class_check action=maybe_recompile pc=0x00000000031fcb00 method=com.google.common.collect.AbstractMapBasedMultimap$WrappedCollection.refreshIfEmpty()V @ 59
Event: 29.334 Thread 0x00000000193cf000 Uncommon trap: reason=class_check action=maybe_recompile pc=0x00000000031fcb00 method=com.google.common.collect.AbstractMapBasedMultimap$WrappedCollection.refreshIfEmpty()V @ 59

Internal exceptions (10 events):
Event: 29.843 Thread 0x00000000193cf000 Exception <a 'java/lang/ClassNotFoundException': com/android/build/gradle/tasks/NdkCompile_DecoratedCustomizer> (0x00000000e3c5b538) thrown at [C:\src\android\AOSP-openjdk\external\jetbrains\jdk\hotspot\src\share\vm\classfile\systemDictionary.cpp, line 210_Õôãø=@
Event: 29.969 Thread 0x00000000193cf000 Exception <a 'java/lang/ClassNotFoundException': com/android/build/gradle/tasks/PackageApplication_DecoratedBeanInfo> (0x00000000e442cac0) thrown at [C:\src\android\AOSP-openjdk\external\jetbrains\jdk\hotspot\src\share\vm\classfile\systemDictionary.cpp, li
Event: 29.969 Thread 0x00000000193cf000 Exception <a 'java/lang/ClassNotFoundException': com/android/build/gradle/tasks/PackageApplicationBeanInfo> (0x00000000e443f9a0) thrown at [C:\src\android\AOSP-openjdk\external\jetbrains\jdk\hotspot\src\share\vm\classfile\systemDictionary.cpp, line 210]
Event: 29.970 Thread 0x00000000193cf000 Exception <a 'java/lang/ClassNotFoundException': com/android/build/gradle/tasks/PackageAndroidArtifactBeanInfo> (0x00000000e4453878) thrown at [C:\src\android\AOSP-openjdk\external\jetbrains\jdk\hotspot\src\share\vm\classfile\systemDictionary.cpp, line 210dv”ÄDø=@
Event: 29.970 Thread 0x00000000193cf000 Exception <a 'java/lang/ClassNotFoundException': com/android/build/gradle/tasks/PackageAndroidArtifactCustomizer> (0x00000000e4467b38) thrown at [C:\src\android\AOSP-openjdk\external\jetbrains\jdk\hotspot\src\share\vm\classfile\systemDictionary.cpp, line 2¾#yº¯ø=@
Event: 29.971 Thread 0x00000000193cf000 Exception <a 'java/lang/ClassNotFoundException': com/android/build/gradle/tasks/PackageApplicationCustomizer> (0x00000000e44bb298) thrown at [C:\src\android\AOSP-openjdk\external\jetbrains\jdk\hotspot\src\share\vm\classfile\systemDictionary.cpp, line 210]
Event: 29.972 Thread 0x00000000193cf000 Exception <a 'java/lang/ClassNotFoundException': com/android/build/gradle/tasks/PackageApplication_DecoratedCustomizer> (0x00000000e44e71b8) thrown at [C:\src\android\AOSP-openjdk\external\jetbrains\jdk\hotspot\src\share\vm\classfile\systemDictionary.cpp, ääƒ>@
Event: 30.010 Thread 0x00000000193cf000 Exception <a 'java/lang/NoSuchMethodError': java.lang.Object.lambda$static$0(Ljava/util/Set;Ljava/util/Set;)Z> (0x00000000e45b6f08) thrown at [C:\src\android\AOSP-openjdk\external\jetbrains\jdk\hotspot\src\share\vm\interpreter\linkResolver.cpp, line 582]
Event: 30.010 Thread 0x00000000193cf000 Exception <a 'java/lang/NoSuchMethodError': java.lang.Object.lambda$static$1(Ljava/util/Set;Ljava/util/Set;)Z> (0x00000000e45b9aa8) thrown at [C:\src\android\AOSP-openjdk\external\jetbrains\jdk\hotspot\src\share\vm\interpreter\linkResolver.cpp, line 582]
Event: 30.010 Thread 0x00000000193cf000 Exception <a 'java/lang/NoSuchMethodError': java.lang.Object.lambda$static$2(Ljava/util/Set;Ljava/util/Set;)Z> (0x00000000e45bc218) thrown at [C:\src\android\AOSP-openjdk\external\jetbrains\jdk\hotspot\src\share\vm\interpreter\linkResolver.cpp, line 582]

Events (10 events):
Event: 30.011 loading class com/android/build/gradle/internal/scope/AndroidTask
Event: 30.011 loading class com/android/build/gradle/internal/scope/AndroidTask done
Event: 30.011 loading class com/android/build/gradle/internal/pipeline/TransformStream
Event: 30.011 loading class com/android/build/gradle/internal/pipeline/TransformStream done
Event: 30.011 loading class com/android/build/gradle/internal/scope/AndroidTask
Event: 30.011 loading class com/android/build/gradle/internal/scope/AndroidTask done
Event: 30.011 loading class com/android/build/gradle/internal/tasks/ValidateSigningTask$ConfigAction
Event: 30.011 loading class com/android/build/gradle/internal/tasks/ValidateSigningTask$ConfigAction done
Event: 30.012 loading class com/android/build/gradle/internal/tasks/ValidateSigningTask
Event: 30.012 loading class com/android/build/gradle/internal/tasks/ValidateSigningTask done


Dynamic libraries:
0x00007ff71b050000 - 0x00007ff71b081000 	C:\Program Files\Android\Android Studio\jre\bin\java.exe
0x00007ffb076c0000 - 0x00007ffb07891000 	C:\Windows\SYSTEM32\ntdll.dll
0x00007ffb04d90000 - 0x00007ffb04e3b000 	C:\Windows\System32\KERNEL32.DLL
0x00007ffad7b00000 - 0x00007ffad7b33000 	C:\Program Files\AVAST Software\Avast\x64\aswhooka.dll
0x00007ffb03f00000 - 0x00007ffb0411d000 	C:\Windows\System32\KERNELBASE.dll
0x00007ffb04e40000 - 0x00007ffb04ee2000 	C:\Windows\System32\ADVAPI32.dll
0x00007ffb07580000 - 0x00007ffb0761e000 	C:\Windows\System32\msvcrt.dll
0x00007ffb05800000 - 0x00007ffb05859000 	C:\Windows\System32\sechost.dll
0x00007ffb07440000 - 0x00007ffb07561000 	C:\Windows\System32\RPCRT4.dll
0x00007ffb04ef0000 - 0x00007ffb05055000 	C:\Windows\System32\USER32.dll
0x00007ffb03c10000 - 0x00007ffb03c2e000 	C:\Windows\System32\win32u.dll
0x00007ffb057b0000 - 0x00007ffb057e4000 	C:\Windows\System32\GDI32.dll
0x00007ffb04ac0000 - 0x00007ffb04c42000 	C:\Windows\System32\gdi32full.dll
0x00007ffafb750000 - 0x00007ffafb9c9000 	C:\Windows\WinSxS\amd64_microsoft.windows.common-controls_6595b64144ccf1df_6.0.14393.447_none_42191651c6827bb3\COMCTL32.dll
0x00007ffb054e0000 - 0x00007ffb057a8000 	C:\Windows\System32\combase.dll
0x00007ffb03e00000 - 0x00007ffb03ef5000 	C:\Windows\System32\ucrtbase.dll
0x00007ffb04120000 - 0x00007ffb0418a000 	C:\Windows\System32\bcryptPrimitives.dll
0x00007ffb054b0000 - 0x00007ffb054de000 	C:\Windows\System32\IMM32.DLL
0x0000000064f20000 - 0x0000000064ff2000 	C:\Program Files\Android\Android Studio\jre\jre\bin\msvcr100.dll
0x0000000065000000 - 0x000000006583c000 	C:\Program Files\Android\Android Studio\jre\jre\bin\server\jvm.dll
0x00007ffb04d80000 - 0x00007ffb04d88000 	C:\Windows\System32\PSAPI.DLL
0x00007ffaf3e70000 - 0x00007ffaf3e79000 	C:\Windows\SYSTEM32\WSOCK32.dll
0x00007ffb051a0000 - 0x00007ffb0520a000 	C:\Windows\System32\WS2_32.dll
0x00007ffb01e80000 - 0x00007ffb01ea3000 	C:\Windows\SYSTEM32\WINMM.dll
0x00007ffaff300000 - 0x00007ffaff30a000 	C:\Windows\SYSTEM32\VERSION.dll
0x00007ffb01e50000 - 0x00007ffb01e7b000 	C:\Windows\SYSTEM32\WINMMBASE.dll
0x00007ffb04190000 - 0x00007ffb041d2000 	C:\Windows\System32\cfgmgr32.dll
0x00007ffafbf80000 - 0x00007ffafbf8f000 	C:\Program Files\Android\Android Studio\jre\jre\bin\verify.dll
0x00007ffada360000 - 0x00007ffada389000 	C:\Program Files\Android\Android Studio\jre\jre\bin\java.dll
0x00007ffae4bf0000 - 0x00007ffae4c06000 	C:\Program Files\Android\Android Studio\jre\jre\bin\zip.dll
0x00007ffb059c0000 - 0x00007ffb06ec9000 	C:\Windows\System32\SHELL32.dll
0x00007ffb04290000 - 0x00007ffb0496a000 	C:\Windows\System32\windows.storage.dll
0x00007ffb03b40000 - 0x00007ffb03b8c000 	C:\Windows\System32\powrprof.dll
0x00007ffb04c50000 - 0x00007ffb04ca2000 	C:\Windows\System32\shlwapi.dll
0x00007ffb03b30000 - 0x00007ffb03b3f000 	C:\Windows\System32\kernel.appcore.dll
0x00007ffb04a10000 - 0x00007ffb04ab9000 	C:\Windows\System32\shcore.dll
0x00007ffb03b90000 - 0x00007ffb03ba4000 	C:\Windows\System32\profapi.dll
0x00007ffae0790000 - 0x00007ffae07aa000 	C:\Program Files\Android\Android Studio\jre\jre\bin\net.dll
0x00007ffb03450000 - 0x00007ffb034ac000 	C:\Windows\system32\mswsock.dll
0x00007ffade6f0000 - 0x00007ffade701000 	C:\Program Files\Android\Android Studio\jre\jre\bin\nio.dll
0x00007ffad8e40000 - 0x00007ffad8e5e000 	C:\Users\bootavo\.gradle\native\23\windows-amd64\native-platform.dll
0x00007ffb035f0000 - 0x00007ffb03607000 	C:\Windows\SYSTEM32\CRYPTSP.dll
0x00007ffb03060000 - 0x00007ffb03093000 	C:\Windows\system32\rsaenh.dll
0x00007ffb03700000 - 0x00007ffb0372b000 	C:\Windows\SYSTEM32\bcrypt.dll
0x00007ffb032d0000 - 0x00007ffb032ef000 	C:\Windows\SYSTEM32\USERENV.dll
0x00007ffb03610000 - 0x00007ffb0361b000 	C:\Windows\SYSTEM32\CRYPTBASE.dll
0x00007ffb031e0000 - 0x00007ffb03218000 	C:\Windows\SYSTEM32\IPHLPAPI.DLL
0x00007ffb07570000 - 0x00007ffb07578000 	C:\Windows\System32\NSI.dll
0x00007ffafcae0000 - 0x00007ffafcaf6000 	C:\Windows\SYSTEM32\dhcpcsvc6.DLL
0x00007ffafcac0000 - 0x00007ffafcada000 	C:\Windows\SYSTEM32\dhcpcsvc.DLL
0x00007ffaf9220000 - 0x00007ffaf922d000 	C:\Program Files\Android\Android Studio\jre\jre\bin\management.dll

VM Arguments:
jvm_args: -Xmx1536m -Dfile.encoding=windows-1252 -Duser.country=PE -Duser.language=es -Duser.variant 
java_command: org.gradle.launcher.daemon.bootstrap.GradleDaemon 3.3
java_class_path (initial): C:\Users\bootavo\.gradle\wrapper\dists\gradle-3.3-all\55gk2rcmfc6p2dg9u9ohc3hw9\gradle-3.3\lib\gradle-launcher-3.3.jar
Launcher Type: SUN_STANDARD

Environment Variables:
PATH=C:\ProgramData\Oracle\Java\javapath;C:\Windows\system32;C:\Windows;C:\Windows\System32\Wbem;C:\Windows\System32\WindowsPowerShell\v1.0\;C:\Program Files (x86)\NVIDIA Corporation\PhysX\Common;C:\Users\bootavo\AppData\Local\Microsoft\WindowsApps;
USERNAME=bootavo
OS=Windows_NT
PROCESSOR_IDENTIFIER=Intel64 Family 6 Model 58 Stepping 9, GenuineIntel



---------------  S Y S T E M  ---------------

OS: Windows 10.0 , 64 bit Build 14393 (10.0.14393.0)

CPU:total 4 (4 cores per cpu, 1 threads per core) family 6 model 58 stepping 9, cmov, cx8, fxsr, mmx, sse, sse2, sse3, ssse3, sse4.1, sse4.2, popcnt, avx, aes, clmul, erms, tsc, tscinvbit, tscinv

Memory: 4k page, physical 8343008k(1178076k free), swap 14064080k(5992k free)

vm_info: OpenJDK 64-Bit Server VM (25.112-b06) for windows-amd64 JRE (1.8.0_112-release-b06), built on Dec  8 2016 00:54:26 by "builder" with MS VC++ 10.0 (VS2010)

time: Thu May 25 11:59:32 2017
elapsed time: 30 seconds (0d 0h 0m 30s)

